<?xml version="1.0" encoding="UTF-8"?>
<!-- Generated by org.testng.reporters.JUnitXMLReporter -->
<testsuite ignored="0" hostname="DESKTOP-JKC8UPA" failures="0" tests="5" name="Login Page Test" time="7.745" errors="0" timestamp="2024-10-08T17:27:32 IST">
  <testcase classname="com.qa.opencart.tests.LoginPageTest" name="forgotPwdLinkExistTest" time="0.425"/>
  <testcase classname="com.qa.opencart.tests.LoginPageTest" name="loginPageTitleTest" time="0.026"/>
  <testcase classname="com.qa.opencart.tests.LoginPageTest" name="loginPageURLTest" time="0.016"/>
  <testcase classname="com.qa.opencart.tests.LoginPageTest" name="logoExistTest" time="0.055"/>
  <testcase classname="com.qa.opencart.tests.LoginPageTest" name="loginTest" time="0.906"/>
</testsuite> <!-- Login Page Test -->
