<?xml version="1.0" encoding="UTF-8"?>
<!-- Generated by org.testng.reporters.JUnitXMLReporter -->
<testsuite ignored="0" hostname="DESKTOP-JKC8UPA" failures="0" tests="5" name="Login Page Test" time="38.101" errors="0" timestamp="2024-10-18T12:43:04 IST">
  <testcase classname="com.qa.opencart.tests.LoginPageTest" name="forgotPwdLinkExistTest" time="0.526"/>
  <testcase classname="com.qa.opencart.tests.LoginPageTest" name="loginPageTitleTest" time="0.158"/>
  <testcase classname="com.qa.opencart.tests.LoginPageTest" name="loginPageURLTest" time="0.117"/>
  <testcase classname="com.qa.opencart.tests.LoginPageTest" name="logoExistTest" time="2.054"/>
  <testcase classname="com.qa.opencart.tests.LoginPageTest" name="loginTest" time="5.503"/>
</testsuite> <!-- Login Page Test -->
