<?xml version="1.0" encoding="UTF-8"?>
<!-- Generated by org.testng.reporters.JUnitXMLReporter -->
<testsuite ignored="0" hostname="DESKTOP-JKC8UPA" failures="0" tests="12" name="Default test" time="13.889" errors="0" timestamp="2024-10-08T22:12:56 IST">
  <testcase classname="com.qa.opencart.tests.AccountsPageTest" name="accPageHeadersCountTest" time="0.117"/>
  <testcase classname="com.qa.opencart.tests.AccountsPageTest" name="accPageHeadersTest" time="0.113"/>
  <testcase classname="com.qa.opencart.tests.AccountsPageTest" name="accPageTitleTest" time="0.016"/>
  <testcase classname="com.qa.opencart.tests.AccountsPageTest" name="isLogoutLinkExistTest" time="0.035"/>
  <testcase classname="com.qa.opencart.tests.AccountsPageTest" name="searchCountTest" time="0.665"/>
  <testcase classname="com.qa.opencart.tests.AccountsPageTest" name="searchCountTest" time="0.5"/>
  <testcase classname="com.qa.opencart.tests.AccountsPageTest" name="searchCountTest" time="0.454"/>
  <testcase classname="com.qa.opencart.tests.AccountsPageTest" name="searchTest" time="0.959"/>
  <testcase classname="com.qa.opencart.tests.AccountsPageTest" name="searchTest" time="0.815"/>
  <testcase classname="com.qa.opencart.tests.AccountsPageTest" name="searchTest" time="0.811"/>
  <testcase classname="com.qa.opencart.tests.AccountsPageTest" name="searchTest" time="0.756"/>
  <testcase classname="com.qa.opencart.tests.AccountsPageTest" name="searchTest" time="0.734"/>
</testsuite> <!-- Default test -->
