<?xml version="1.0" encoding="UTF-8"?>
<testng-results ignored="0" total="5" passed="0" failed="0" skipped="5">
  <reporter-output>
  </reporter-output>
  <suite started-at="2024-10-16T17:00:42 IST" name="Opencart App Test Regression Suite" finished-at="2024-10-16T17:00:52 IST" duration-ms="10165">
    <groups>
    </groups>
    <test started-at="2024-10-16T17:00:42 IST" name="Login Page Test" finished-at="2024-10-16T17:00:52 IST" duration-ms="10165">
      <class name="com.qa.opencart.tests.LoginPageTest">
        <test-method is-config="true" signature="setup(java.lang.String)[pri:0, instance:com.qa.opencart.tests.LoginPageTest@2b38b1f]" started-at="2024-10-16T17:00:42 IST" name="setup" finished-at="2024-10-16T17:00:50 IST" duration-ms="8154" status="FAIL">
          <params>
            <param index="0">
              <value>
                <![CDATA[chrome]]>
              </value>
            </param>
          </params>
          <exception class="java.lang.Error">
            <message>
              <![CDATA[Unresolved compilation problems: 
The import com.qa.opencart.utils cannot be resolved
ElementUtil cannot be resolved to a type
ElementUtil cannot be resolved to a type
ElementUtil cannot be resolved to a type
ElementUtil cannot be resolved to a type
ElementUtil cannot be resolved to a type
ElementUtil cannot be resolved to a type
ElementUtil cannot be resolved to a type
ElementUtil cannot be resolved to a type
ElementUtil cannot be resolved to a type
ElementUtil cannot be resolved to a type
ElementUtil cannot be resolved to a type
]]>
            </message>
            <full-stacktrace>
              <![CDATA[java.lang.Error: Unresolved compilation problems: 
The import com.qa.opencart.utils cannot be resolved
ElementUtil cannot be resolved to a type
ElementUtil cannot be resolved to a type
ElementUtil cannot be resolved to a type
ElementUtil cannot be resolved to a type
ElementUtil cannot be resolved to a type
ElementUtil cannot be resolved to a type
ElementUtil cannot be resolved to a type
ElementUtil cannot be resolved to a type
ElementUtil cannot be resolved to a type
ElementUtil cannot be resolved to a type
ElementUtil cannot be resolved to a type

at com.qa.opencart.pages.LoginPage.<init>(LoginPage.java:7)
at com.qa.opencart.base.BaseTest.setup(BaseTest.java:46)
at java.base/jdk.internal.reflect.NativeMethodAccessorImpl.invoke0(Native Method)
at java.base/jdk.internal.reflect.NativeMethodAccessorImpl.invoke(NativeMethodAccessorImpl.java:62)
at java.base/jdk.internal.reflect.DelegatingMethodAccessorImpl.invoke(DelegatingMethodAccessorImpl.java:43)
at java.base/java.lang.reflect.Method.invoke(Method.java:566)
at org.testng.internal.invokers.MethodInvocationHelper.invokeMethod(MethodInvocationHelper.java:141)
at org.testng.internal.invokers.MethodInvocationHelper.invokeMethodConsideringTimeout(MethodInvocationHelper.java:71)
at org.testng.internal.invokers.ConfigInvoker.invokeConfigurationMethod(ConfigInvoker.java:400)
at org.testng.internal.invokers.ConfigInvoker.invokeConfigurations(ConfigInvoker.java:333)
at org.testng.TestRunner.invokeTestConfigurations(TestRunner.java:655)
at org.testng.TestRunner.beforeRun(TestRunner.java:644)
at org.testng.TestRunner.run(TestRunner.java:610)
at org.testng.SuiteRunner.runTest(SuiteRunner.java:421)
at org.testng.SuiteRunner$SuiteWorker.run(SuiteRunner.java:463)
at org.testng.internal.thread.ThreadUtil.lambda$execute$0(ThreadUtil.java:64)
at java.base/java.util.concurrent.FutureTask.run(FutureTask.java:264)
at java.base/java.util.concurrent.ThreadPoolExecutor.runWorker(ThreadPoolExecutor.java:1128)
at java.base/java.util.concurrent.ThreadPoolExecutor$Worker.run(ThreadPoolExecutor.java:628)
at java.base/java.lang.Thread.run(Thread.java:834)
]]>
            </full-stacktrace>
          </exception> <!-- java.lang.Error -->
          <reporter-output>
          </reporter-output>
        </test-method> <!-- setup -->
        <test-method signature="forgotPwdLinkExistTest()[pri:0, instance:com.qa.opencart.tests.LoginPageTest@2b38b1f]" started-at="2024-10-16T17:00:50 IST" name="forgotPwdLinkExistTest" finished-at="2024-10-16T17:00:50 IST" duration-ms="0" status="SKIP">
          <exception class="java.lang.Error">
            <message>
              <![CDATA[Unresolved compilation problems: 
The import com.qa.opencart.utils cannot be resolved
ElementUtil cannot be resolved to a type
ElementUtil cannot be resolved to a type
ElementUtil cannot be resolved to a type
ElementUtil cannot be resolved to a type
ElementUtil cannot be resolved to a type
ElementUtil cannot be resolved to a type
ElementUtil cannot be resolved to a type
ElementUtil cannot be resolved to a type
ElementUtil cannot be resolved to a type
ElementUtil cannot be resolved to a type
ElementUtil cannot be resolved to a type
]]>
            </message>
            <full-stacktrace>
              <![CDATA[java.lang.Error: Unresolved compilation problems: 
The import com.qa.opencart.utils cannot be resolved
ElementUtil cannot be resolved to a type
ElementUtil cannot be resolved to a type
ElementUtil cannot be resolved to a type
ElementUtil cannot be resolved to a type
ElementUtil cannot be resolved to a type
ElementUtil cannot be resolved to a type
ElementUtil cannot be resolved to a type
ElementUtil cannot be resolved to a type
ElementUtil cannot be resolved to a type
ElementUtil cannot be resolved to a type
ElementUtil cannot be resolved to a type

at com.qa.opencart.pages.LoginPage.<init>(LoginPage.java:7)
at com.qa.opencart.base.BaseTest.setup(BaseTest.java:46)
at java.base/jdk.internal.reflect.NativeMethodAccessorImpl.invoke0(Native Method)
at java.base/jdk.internal.reflect.NativeMethodAccessorImpl.invoke(NativeMethodAccessorImpl.java:62)
at java.base/jdk.internal.reflect.DelegatingMethodAccessorImpl.invoke(DelegatingMethodAccessorImpl.java:43)
at java.base/java.lang.reflect.Method.invoke(Method.java:566)
at org.testng.internal.invokers.MethodInvocationHelper.invokeMethod(MethodInvocationHelper.java:141)
at org.testng.internal.invokers.MethodInvocationHelper.invokeMethodConsideringTimeout(MethodInvocationHelper.java:71)
at org.testng.internal.invokers.ConfigInvoker.invokeConfigurationMethod(ConfigInvoker.java:400)
at org.testng.internal.invokers.ConfigInvoker.invokeConfigurations(ConfigInvoker.java:333)
at org.testng.TestRunner.invokeTestConfigurations(TestRunner.java:655)
at org.testng.TestRunner.beforeRun(TestRunner.java:644)
at org.testng.TestRunner.run(TestRunner.java:610)
at org.testng.SuiteRunner.runTest(SuiteRunner.java:421)
at org.testng.SuiteRunner$SuiteWorker.run(SuiteRunner.java:463)
at org.testng.internal.thread.ThreadUtil.lambda$execute$0(ThreadUtil.java:64)
at java.base/java.util.concurrent.FutureTask.run(FutureTask.java:264)
at java.base/java.util.concurrent.ThreadPoolExecutor.runWorker(ThreadPoolExecutor.java:1128)
at java.base/java.util.concurrent.ThreadPoolExecutor$Worker.run(ThreadPoolExecutor.java:628)
at java.base/java.lang.Thread.run(Thread.java:834)
]]>
            </full-stacktrace>
          </exception> <!-- java.lang.Error -->
          <reporter-output>
          </reporter-output>
        </test-method> <!-- forgotPwdLinkExistTest -->
        <test-method signature="loginPageTitleTest()[pri:0, instance:com.qa.opencart.tests.LoginPageTest@2b38b1f]" started-at="2024-10-16T17:00:51 IST" name="loginPageTitleTest" finished-at="2024-10-16T17:00:51 IST" duration-ms="0" status="SKIP">
          <exception class="java.lang.Error">
            <message>
              <![CDATA[Unresolved compilation problems: 
The import com.qa.opencart.utils cannot be resolved
ElementUtil cannot be resolved to a type
ElementUtil cannot be resolved to a type
ElementUtil cannot be resolved to a type
ElementUtil cannot be resolved to a type
ElementUtil cannot be resolved to a type
ElementUtil cannot be resolved to a type
ElementUtil cannot be resolved to a type
ElementUtil cannot be resolved to a type
ElementUtil cannot be resolved to a type
ElementUtil cannot be resolved to a type
ElementUtil cannot be resolved to a type
]]>
            </message>
            <full-stacktrace>
              <![CDATA[java.lang.Error: Unresolved compilation problems: 
The import com.qa.opencart.utils cannot be resolved
ElementUtil cannot be resolved to a type
ElementUtil cannot be resolved to a type
ElementUtil cannot be resolved to a type
ElementUtil cannot be resolved to a type
ElementUtil cannot be resolved to a type
ElementUtil cannot be resolved to a type
ElementUtil cannot be resolved to a type
ElementUtil cannot be resolved to a type
ElementUtil cannot be resolved to a type
ElementUtil cannot be resolved to a type
ElementUtil cannot be resolved to a type

at com.qa.opencart.pages.LoginPage.<init>(LoginPage.java:7)
at com.qa.opencart.base.BaseTest.setup(BaseTest.java:46)
at java.base/jdk.internal.reflect.NativeMethodAccessorImpl.invoke0(Native Method)
at java.base/jdk.internal.reflect.NativeMethodAccessorImpl.invoke(NativeMethodAccessorImpl.java:62)
at java.base/jdk.internal.reflect.DelegatingMethodAccessorImpl.invoke(DelegatingMethodAccessorImpl.java:43)
at java.base/java.lang.reflect.Method.invoke(Method.java:566)
at org.testng.internal.invokers.MethodInvocationHelper.invokeMethod(MethodInvocationHelper.java:141)
at org.testng.internal.invokers.MethodInvocationHelper.invokeMethodConsideringTimeout(MethodInvocationHelper.java:71)
at org.testng.internal.invokers.ConfigInvoker.invokeConfigurationMethod(ConfigInvoker.java:400)
at org.testng.internal.invokers.ConfigInvoker.invokeConfigurations(ConfigInvoker.java:333)
at org.testng.TestRunner.invokeTestConfigurations(TestRunner.java:655)
at org.testng.TestRunner.beforeRun(TestRunner.java:644)
at org.testng.TestRunner.run(TestRunner.java:610)
at org.testng.SuiteRunner.runTest(SuiteRunner.java:421)
at org.testng.SuiteRunner$SuiteWorker.run(SuiteRunner.java:463)
at org.testng.internal.thread.ThreadUtil.lambda$execute$0(ThreadUtil.java:64)
at java.base/java.util.concurrent.FutureTask.run(FutureTask.java:264)
at java.base/java.util.concurrent.ThreadPoolExecutor.runWorker(ThreadPoolExecutor.java:1128)
at java.base/java.util.concurrent.ThreadPoolExecutor$Worker.run(ThreadPoolExecutor.java:628)
at java.base/java.lang.Thread.run(Thread.java:834)
]]>
            </full-stacktrace>
          </exception> <!-- java.lang.Error -->
          <reporter-output>
          </reporter-output>
        </test-method> <!-- loginPageTitleTest -->
        <test-method signature="loginPageURLTest()[pri:0, instance:com.qa.opencart.tests.LoginPageTest@2b38b1f]" started-at="2024-10-16T17:00:51 IST" name="loginPageURLTest" finished-at="2024-10-16T17:00:51 IST" duration-ms="0" status="SKIP">
          <exception class="java.lang.Error">
            <message>
              <![CDATA[Unresolved compilation problems: 
The import com.qa.opencart.utils cannot be resolved
ElementUtil cannot be resolved to a type
ElementUtil cannot be resolved to a type
ElementUtil cannot be resolved to a type
ElementUtil cannot be resolved to a type
ElementUtil cannot be resolved to a type
ElementUtil cannot be resolved to a type
ElementUtil cannot be resolved to a type
ElementUtil cannot be resolved to a type
ElementUtil cannot be resolved to a type
ElementUtil cannot be resolved to a type
ElementUtil cannot be resolved to a type
]]>
            </message>
            <full-stacktrace>
              <![CDATA[java.lang.Error: Unresolved compilation problems: 
The import com.qa.opencart.utils cannot be resolved
ElementUtil cannot be resolved to a type
ElementUtil cannot be resolved to a type
ElementUtil cannot be resolved to a type
ElementUtil cannot be resolved to a type
ElementUtil cannot be resolved to a type
ElementUtil cannot be resolved to a type
ElementUtil cannot be resolved to a type
ElementUtil cannot be resolved to a type
ElementUtil cannot be resolved to a type
ElementUtil cannot be resolved to a type
ElementUtil cannot be resolved to a type

at com.qa.opencart.pages.LoginPage.<init>(LoginPage.java:7)
at com.qa.opencart.base.BaseTest.setup(BaseTest.java:46)
at java.base/jdk.internal.reflect.NativeMethodAccessorImpl.invoke0(Native Method)
at java.base/jdk.internal.reflect.NativeMethodAccessorImpl.invoke(NativeMethodAccessorImpl.java:62)
at java.base/jdk.internal.reflect.DelegatingMethodAccessorImpl.invoke(DelegatingMethodAccessorImpl.java:43)
at java.base/java.lang.reflect.Method.invoke(Method.java:566)
at org.testng.internal.invokers.MethodInvocationHelper.invokeMethod(MethodInvocationHelper.java:141)
at org.testng.internal.invokers.MethodInvocationHelper.invokeMethodConsideringTimeout(MethodInvocationHelper.java:71)
at org.testng.internal.invokers.ConfigInvoker.invokeConfigurationMethod(ConfigInvoker.java:400)
at org.testng.internal.invokers.ConfigInvoker.invokeConfigurations(ConfigInvoker.java:333)
at org.testng.TestRunner.invokeTestConfigurations(TestRunner.java:655)
at org.testng.TestRunner.beforeRun(TestRunner.java:644)
at org.testng.TestRunner.run(TestRunner.java:610)
at org.testng.SuiteRunner.runTest(SuiteRunner.java:421)
at org.testng.SuiteRunner$SuiteWorker.run(SuiteRunner.java:463)
at org.testng.internal.thread.ThreadUtil.lambda$execute$0(ThreadUtil.java:64)
at java.base/java.util.concurrent.FutureTask.run(FutureTask.java:264)
at java.base/java.util.concurrent.ThreadPoolExecutor.runWorker(ThreadPoolExecutor.java:1128)
at java.base/java.util.concurrent.ThreadPoolExecutor$Worker.run(ThreadPoolExecutor.java:628)
at java.base/java.lang.Thread.run(Thread.java:834)
]]>
            </full-stacktrace>
          </exception> <!-- java.lang.Error -->
          <reporter-output>
          </reporter-output>
        </test-method> <!-- loginPageURLTest -->
        <test-method signature="logoExistTest()[pri:0, instance:com.qa.opencart.tests.LoginPageTest@2b38b1f]" started-at="2024-10-16T17:00:51 IST" name="logoExistTest" finished-at="2024-10-16T17:00:51 IST" duration-ms="0" status="SKIP">
          <exception class="java.lang.Error">
            <message>
              <![CDATA[Unresolved compilation problems: 
The import com.qa.opencart.utils cannot be resolved
ElementUtil cannot be resolved to a type
ElementUtil cannot be resolved to a type
ElementUtil cannot be resolved to a type
ElementUtil cannot be resolved to a type
ElementUtil cannot be resolved to a type
ElementUtil cannot be resolved to a type
ElementUtil cannot be resolved to a type
ElementUtil cannot be resolved to a type
ElementUtil cannot be resolved to a type
ElementUtil cannot be resolved to a type
ElementUtil cannot be resolved to a type
]]>
            </message>
            <full-stacktrace>
              <![CDATA[java.lang.Error: Unresolved compilation problems: 
The import com.qa.opencart.utils cannot be resolved
ElementUtil cannot be resolved to a type
ElementUtil cannot be resolved to a type
ElementUtil cannot be resolved to a type
ElementUtil cannot be resolved to a type
ElementUtil cannot be resolved to a type
ElementUtil cannot be resolved to a type
ElementUtil cannot be resolved to a type
ElementUtil cannot be resolved to a type
ElementUtil cannot be resolved to a type
ElementUtil cannot be resolved to a type
ElementUtil cannot be resolved to a type

at com.qa.opencart.pages.LoginPage.<init>(LoginPage.java:7)
at com.qa.opencart.base.BaseTest.setup(BaseTest.java:46)
at java.base/jdk.internal.reflect.NativeMethodAccessorImpl.invoke0(Native Method)
at java.base/jdk.internal.reflect.NativeMethodAccessorImpl.invoke(NativeMethodAccessorImpl.java:62)
at java.base/jdk.internal.reflect.DelegatingMethodAccessorImpl.invoke(DelegatingMethodAccessorImpl.java:43)
at java.base/java.lang.reflect.Method.invoke(Method.java:566)
at org.testng.internal.invokers.MethodInvocationHelper.invokeMethod(MethodInvocationHelper.java:141)
at org.testng.internal.invokers.MethodInvocationHelper.invokeMethodConsideringTimeout(MethodInvocationHelper.java:71)
at org.testng.internal.invokers.ConfigInvoker.invokeConfigurationMethod(ConfigInvoker.java:400)
at org.testng.internal.invokers.ConfigInvoker.invokeConfigurations(ConfigInvoker.java:333)
at org.testng.TestRunner.invokeTestConfigurations(TestRunner.java:655)
at org.testng.TestRunner.beforeRun(TestRunner.java:644)
at org.testng.TestRunner.run(TestRunner.java:610)
at org.testng.SuiteRunner.runTest(SuiteRunner.java:421)
at org.testng.SuiteRunner$SuiteWorker.run(SuiteRunner.java:463)
at org.testng.internal.thread.ThreadUtil.lambda$execute$0(ThreadUtil.java:64)
at java.base/java.util.concurrent.FutureTask.run(FutureTask.java:264)
at java.base/java.util.concurrent.ThreadPoolExecutor.runWorker(ThreadPoolExecutor.java:1128)
at java.base/java.util.concurrent.ThreadPoolExecutor$Worker.run(ThreadPoolExecutor.java:628)
at java.base/java.lang.Thread.run(Thread.java:834)
]]>
            </full-stacktrace>
          </exception> <!-- java.lang.Error -->
          <reporter-output>
          </reporter-output>
        </test-method> <!-- logoExistTest -->
        <test-method signature="loginTest()[pri:2147483647, instance:com.qa.opencart.tests.LoginPageTest@2b38b1f]" started-at="2024-10-16T17:00:51 IST" name="loginTest" finished-at="2024-10-16T17:00:51 IST" duration-ms="0" status="SKIP">
          <exception class="java.lang.Error">
            <message>
              <![CDATA[Unresolved compilation problems: 
The import com.qa.opencart.utils cannot be resolved
ElementUtil cannot be resolved to a type
ElementUtil cannot be resolved to a type
ElementUtil cannot be resolved to a type
ElementUtil cannot be resolved to a type
ElementUtil cannot be resolved to a type
ElementUtil cannot be resolved to a type
ElementUtil cannot be resolved to a type
ElementUtil cannot be resolved to a type
ElementUtil cannot be resolved to a type
ElementUtil cannot be resolved to a type
ElementUtil cannot be resolved to a type
]]>
            </message>
            <full-stacktrace>
              <![CDATA[java.lang.Error: Unresolved compilation problems: 
The import com.qa.opencart.utils cannot be resolved
ElementUtil cannot be resolved to a type
ElementUtil cannot be resolved to a type
ElementUtil cannot be resolved to a type
ElementUtil cannot be resolved to a type
ElementUtil cannot be resolved to a type
ElementUtil cannot be resolved to a type
ElementUtil cannot be resolved to a type
ElementUtil cannot be resolved to a type
ElementUtil cannot be resolved to a type
ElementUtil cannot be resolved to a type
ElementUtil cannot be resolved to a type

at com.qa.opencart.pages.LoginPage.<init>(LoginPage.java:7)
at com.qa.opencart.base.BaseTest.setup(BaseTest.java:46)
at java.base/jdk.internal.reflect.NativeMethodAccessorImpl.invoke0(Native Method)
at java.base/jdk.internal.reflect.NativeMethodAccessorImpl.invoke(NativeMethodAccessorImpl.java:62)
at java.base/jdk.internal.reflect.DelegatingMethodAccessorImpl.invoke(DelegatingMethodAccessorImpl.java:43)
at java.base/java.lang.reflect.Method.invoke(Method.java:566)
at org.testng.internal.invokers.MethodInvocationHelper.invokeMethod(MethodInvocationHelper.java:141)
at org.testng.internal.invokers.MethodInvocationHelper.invokeMethodConsideringTimeout(MethodInvocationHelper.java:71)
at org.testng.internal.invokers.ConfigInvoker.invokeConfigurationMethod(ConfigInvoker.java:400)
at org.testng.internal.invokers.ConfigInvoker.invokeConfigurations(ConfigInvoker.java:333)
at org.testng.TestRunner.invokeTestConfigurations(TestRunner.java:655)
at org.testng.TestRunner.beforeRun(TestRunner.java:644)
at org.testng.TestRunner.run(TestRunner.java:610)
at org.testng.SuiteRunner.runTest(SuiteRunner.java:421)
at org.testng.SuiteRunner$SuiteWorker.run(SuiteRunner.java:463)
at org.testng.internal.thread.ThreadUtil.lambda$execute$0(ThreadUtil.java:64)
at java.base/java.util.concurrent.FutureTask.run(FutureTask.java:264)
at java.base/java.util.concurrent.ThreadPoolExecutor.runWorker(ThreadPoolExecutor.java:1128)
at java.base/java.util.concurrent.ThreadPoolExecutor$Worker.run(ThreadPoolExecutor.java:628)
at java.base/java.lang.Thread.run(Thread.java:834)
]]>
            </full-stacktrace>
          </exception> <!-- java.lang.Error -->
          <reporter-output>
          </reporter-output>
        </test-method> <!-- loginTest -->
        <test-method is-config="true" signature="tearDown()[pri:0, instance:com.qa.opencart.tests.LoginPageTest@2b38b1f]" started-at="2024-10-16T17:00:52 IST" name="tearDown" finished-at="2024-10-16T17:00:52 IST" duration-ms="0" status="SKIP">
          <reporter-output>
          </reporter-output>
        </test-method> <!-- tearDown -->
      </class> <!-- com.qa.opencart.tests.LoginPageTest -->
    </test> <!-- Login Page Test -->
  </suite> <!-- Opencart App Test Regression Suite -->
</testng-results>
