<?xml version="1.0" encoding="UTF-8"?>
<!-- Generated by org.testng.reporters.JUnitReportReporter -->
<testsuite hostname="DESKTOP-JKC8UPA" failures="0" tests="5" name="com.qa.opencart.tests.LoginPageTest" time="1.352" errors="0" timestamp="2024-10-19T16:54:46 IST" skipped="0">
  <testcase classname="com.qa.opencart.tests.LoginPageTest" name="loginPageURLTest" time="0.030"/>
  <testcase classname="com.qa.opencart.tests.LoginPageTest" name="forgotPwdLinkExistTest" time="0.154"/>
  <testcase classname="com.qa.opencart.tests.LoginPageTest" name="logoExistTest" time="0.057"/>
  <testcase classname="com.qa.opencart.tests.LoginPageTest" name="loginPageTitleTest" time="0.044"/>
  <testcase classname="com.qa.opencart.tests.LoginPageTest" name="loginTest" time="1.067"/>
</testsuite> <!-- com.qa.opencart.tests.LoginPageTest -->
