<?xml version="1.0" encoding="UTF-8"?>
<!-- Generated by org.testng.reporters.JUnitReportReporter -->
<testsuite hostname="DESKTOP-JKC8UPA" failures="0" tests="5" name="com.qa.opencart.tests.LoginPageTest" time="8.358" errors="0" timestamp="2024-10-18T12:44:31 IST" skipped="0">
  <testcase classname="com.qa.opencart.tests.LoginPageTest" name="loginPageURLTest" time="0.117"/>
  <testcase classname="com.qa.opencart.tests.LoginPageTest" name="forgotPwdLinkExistTest" time="0.526"/>
  <testcase classname="com.qa.opencart.tests.LoginPageTest" name="logoExistTest" time="2.054"/>
  <testcase classname="com.qa.opencart.tests.LoginPageTest" name="loginPageTitleTest" time="0.158"/>
  <testcase classname="com.qa.opencart.tests.LoginPageTest" name="loginTest" time="5.503"/>
</testsuite> <!-- com.qa.opencart.tests.LoginPageTest -->
